2015-10-12 06:32:38 [127.0.0.1][-][-][error][yii\base\ErrorException:8] exception 'yii\base\ErrorException' with message 'Undefined variable: model' in D:\xampp\htdocs\ywfy\views\input\edit\assess.php:23
Stack trace:
#0 D:\xampp\htdocs\ywfy\views\input\edit\assess.php(23): yii\base\ErrorHandler->handleError(8, 'Undefined varia...', 'D:\xampp\htdocs...', 23, Array)
#1 D:\xampp\htdocs\ywfy\vendor\yiisoft\yii2\base\View.php(325): require('D:\xampp\htdocs...')
#2 D:\xampp\htdocs\ywfy\vendor\yiisoft\yii2\base\View.php(247): yii\base\View->renderPhpFile('D:\xampp\htdocs...', Array)
#3 D:\xampp\htdocs\ywfy\vendor\yiisoft\yii2\base\View.php(149): yii\base\View->renderFile('D:\xampp\htdocs...', Array, Object(app\controllers\InputController))
#4 D:\xampp\htdocs\ywfy\vendor\yiisoft\yii2\base\Controller.php(402): yii\base\View->render('edit/assess', Array, Object(app\controllers\InputController))
#5 D:\xampp\htdocs\ywfy\controllers\InputController.php(79): yii\base\Controller->renderPartial('edit/assess')
#6 [internal function]: app\controllers\InputController->actionEditAssess()
#7 D:\xampp\htdocs\ywfy\vendor\yiisoft\yii2\base\InlineAction.php(55): call_user_func_array(Array, Array)
#8 D:\xampp\htdocs\ywfy\vendor\yiisoft\yii2\base\Controller.php(151): yii\base\InlineAction->runWithParams(Array)
#9 D:\xampp\htdocs\ywfy\vendor\yiisoft\yii2\base\Module.php(455): yii\base\Controller->runAction('edit-assess', Array)
#10 D:\xampp\htdocs\ywfy\vendor\yiisoft\yii2\web\Application.php(84): yii\base\Module->runAction('input/edit-asse...', Array)
#11 D:\xampp\htdocs\ywfy\vendor\yiisoft\yii2\base\Application.php(375): yii\web\Application->handleRequest(Object(yii\web\Request))
#12 D:\xampp\htdocs\ywfy\web\index.php(15): yii\base\Application->run()
#13 {main}
2015-10-12 06:32:38 [127.0.0.1][-][-][info][application] $_GET = [
    'r' => 'input/edit-assess'
    'tpl' => 'undefined'
]

$_COOKIE = [
    '_csrf' => '97a4e574463c673686716f9547205cdb49083a3158a7ae1e0fef9409cd75f4afa:2:{i:0;s:5:\"_csrf\";i:1;s:32:\"icGrvLrdsGbxEyABKnEGCMohtHV1QlAP\";}'
    'PHPSESSID' => 'gk5mhea1380kdva9rf1aofi3a3'
    '_identity' => 'ec170b5ad339303479c9dcb3477fef2ee159b9087eb7be99767be34b7886e48da:2:{i:0;s:9:\"_identity\";i:1;s:18:\"[\"6\",null,2592000]\";}'
]

$_SERVER = [
    'MIBDIRS' => 'D:/xampp/php/extras/mibs'
    'MYSQL_HOME' => '\\xampp\\mysql\\bin'
    'OPENSSL_CONF' => 'D:/xampp/apache/bin/openssl.cnf'
    'PHP_PEAR_SYSCONF_DIR' => '\\xampp\\php'
    'PHPRC' => '\\xampp\\php'
    'TMP' => '\\xampp\\tmp'
    'HTTP_HOST' => '127.0.0.1'
    'HTTP_CONNECTION' => 'keep-alive'
    'HTTP_ACCEPT' => '*/*'
    'HTTP_X_CSRF_TOKEN' => 'MVl6RXptYzRYOj03DCERUEIeGD0/FCJ2ejc/AjkgDFxFESx0KwEiZA=='
    'HTTP_X_REQUESTED_WITH' => 'XMLHttpRequest'
    'HTTP_USER_AGENT' => 'Mozilla/5.0 (Windows NT 6.1; WOW64) AppleWebKit/537.36 (KHTML, like Gecko) Chrome/45.0.2454.85 Safari/537.36'
    'HTTP_REFERER' => 'http://127.0.0.1/ywfy/web/index.php?r=input/assess'
    'HTTP_ACCEPT_ENCODING' => 'gzip, deflate, sdch'
    'HTTP_ACCEPT_LANGUAGE' => 'zh-CN,zh;q=0.8'
    'HTTP_COOKIE' => '_csrf=97a4e574463c673686716f9547205cdb49083a3158a7ae1e0fef9409cd75f4afa%3A2%3A%7Bi%3A0%3Bs%3A5%3A%22_csrf%22%3Bi%3A1%3Bs%3A32%3A%22icGrvLrdsGbxEyABKnEGCMohtHV1QlAP%22%3B%7D; PHPSESSID=gk5mhea1380kdva9rf1aofi3a3; _identity=ec170b5ad339303479c9dcb3477fef2ee159b9087eb7be99767be34b7886e48da%3A2%3A%7Bi%3A0%3Bs%3A9%3A%22_identity%22%3Bi%3A1%3Bs%3A18%3A%22%5B%226%22%2Cnull%2C2592000%5D%22%3B%7D'
    'PATH' => 'C:\\Windows\\system32;C:\\Windows;C:\\Windows\\System32\\Wbem;C:\\Windows\\System32\\WindowsPowerShell\\v1.0\\;C:\\Program Files (x86)\\NVIDIA Corporation\\PhysX\\Common;C:\\Program Files (x86)\\SSH Communications Security\\SSH Secure Shell'
    'SystemRoot' => 'C:\\Windows'
    'COMSPEC' => 'C:\\Windows\\system32\\cmd.exe'
    'PATHEXT' => '.COM;.EXE;.BAT;.CMD;.VBS;.VBE;.JS;.JSE;.WSF;.WSH;.MSC'
    'WINDIR' => 'C:\\Windows'
    'SERVER_SIGNATURE' => '<address>Apache/2.4.4 (Win32) OpenSSL/1.0.1e PHP/5.5.1 Server at 127.0.0.1 Port 80</address>
'
    'SERVER_SOFTWARE' => 'Apache/2.4.4 (Win32) OpenSSL/1.0.1e PHP/5.5.1'
    'SERVER_NAME' => '127.0.0.1'
    'SERVER_ADDR' => '127.0.0.1'
    'SERVER_PORT' => '80'
    'REMOTE_ADDR' => '127.0.0.1'
    'DOCUMENT_ROOT' => 'D:/xampp/htdocs/'
    'REQUEST_SCHEME' => 'http'
    'CONTEXT_PREFIX' => ''
    'CONTEXT_DOCUMENT_ROOT' => 'D:/xampp/htdocs'
    'SERVER_ADMIN' => 'postmaster@localhost'
    'SCRIPT_FILENAME' => 'D:/xampp/htdocs/ywfy/web/index.php'
    'REMOTE_PORT' => '56886'
    'GATEWAY_INTERFACE' => 'CGI/1.1'
    'SERVER_PROTOCOL' => 'HTTP/1.1'
    'REQUEST_METHOD' => 'GET'
    'QUERY_STRING' => 'r=input/edit-assess&tpl=undefined'
    'REQUEST_URI' => '/ywfy/web/index.php?r=input/edit-assess&tpl=undefined'
    'SCRIPT_NAME' => '/ywfy/web/index.php'
    'PHP_SELF' => '/ywfy/web/index.php'
    'REQUEST_TIME_FLOAT' => 1444624358.866
    'REQUEST_TIME' => 1444624358
]
2015-10-12 06:32:38 [127.0.0.1][-][-][warning][yii\log\Dispatcher::dispatch] Unable to send log via yii\debug\LogTarget: Exception 'Exception' with message 'Serialization of 'Closure' is not allowed' 

in D:\xampp\htdocs\ywfy\vendor\yiisoft\yii2-debug\LogTarget.php:58

Stack trace:
#0 D:\xampp\htdocs\ywfy\vendor\yiisoft\yii2-debug\LogTarget.php(58): serialize(Array)
#1 D:\xampp\htdocs\ywfy\vendor\yiisoft\yii2-debug\LogTarget.php(112): yii\debug\LogTarget->export(Array)
#2 D:\xampp\htdocs\ywfy\vendor\yiisoft\yii2\log\Dispatcher.php(183): yii\debug\LogTarget->collect(Array, true)
#3 D:\xampp\htdocs\ywfy\vendor\yiisoft\yii2\log\Logger.php(173): yii\log\Dispatcher->dispatch(Array, true)
#4 D:\xampp\htdocs\ywfy\vendor\yiisoft\yii2\base\ErrorHandler.php(111): yii\log\Logger->flush(true)
#5 [internal function]: yii\base\ErrorHandler->handleException(Object(yii\base\ErrorException))
#6 {main}
2015-10-12 06:32:38 [127.0.0.1][-][-][info][application] $_GET = [
    'r' => 'input/edit-assess'
    'tpl' => 'undefined'
]

$_COOKIE = [
    '_csrf' => '97a4e574463c673686716f9547205cdb49083a3158a7ae1e0fef9409cd75f4afa:2:{i:0;s:5:\"_csrf\";i:1;s:32:\"icGrvLrdsGbxEyABKnEGCMohtHV1QlAP\";}'
    'PHPSESSID' => 'gk5mhea1380kdva9rf1aofi3a3'
    '_identity' => 'ec170b5ad339303479c9dcb3477fef2ee159b9087eb7be99767be34b7886e48da:2:{i:0;s:9:\"_identity\";i:1;s:18:\"[\"6\",null,2592000]\";}'
]

$_SERVER = [
    'MIBDIRS' => 'D:/xampp/php/extras/mibs'
    'MYSQL_HOME' => '\\xampp\\mysql\\bin'
    'OPENSSL_CONF' => 'D:/xampp/apache/bin/openssl.cnf'
    'PHP_PEAR_SYSCONF_DIR' => '\\xampp\\php'
    'PHPRC' => '\\xampp\\php'
    'TMP' => '\\xampp\\tmp'
    'HTTP_HOST' => '127.0.0.1'
    'HTTP_CONNECTION' => 'keep-alive'
    'HTTP_ACCEPT' => '*/*'
    'HTTP_X_CSRF_TOKEN' => 'MVl6RXptYzRYOj03DCERUEIeGD0/FCJ2ejc/AjkgDFxFESx0KwEiZA=='
    'HTTP_X_REQUESTED_WITH' => 'XMLHttpRequest'
    'HTTP_USER_AGENT' => 'Mozilla/5.0 (Windows NT 6.1; WOW64) AppleWebKit/537.36 (KHTML, like Gecko) Chrome/45.0.2454.85 Safari/537.36'
    'HTTP_REFERER' => 'http://127.0.0.1/ywfy/web/index.php?r=input/assess'
    'HTTP_ACCEPT_ENCODING' => 'gzip, deflate, sdch'
    'HTTP_ACCEPT_LANGUAGE' => 'zh-CN,zh;q=0.8'
    'HTTP_COOKIE' => '_csrf=97a4e574463c673686716f9547205cdb49083a3158a7ae1e0fef9409cd75f4afa%3A2%3A%7Bi%3A0%3Bs%3A5%3A%22_csrf%22%3Bi%3A1%3Bs%3A32%3A%22icGrvLrdsGbxEyABKnEGCMohtHV1QlAP%22%3B%7D; PHPSESSID=gk5mhea1380kdva9rf1aofi3a3; _identity=ec170b5ad339303479c9dcb3477fef2ee159b9087eb7be99767be34b7886e48da%3A2%3A%7Bi%3A0%3Bs%3A9%3A%22_identity%22%3Bi%3A1%3Bs%3A18%3A%22%5B%226%22%2Cnull%2C2592000%5D%22%3B%7D'
    'PATH' => 'C:\\Windows\\system32;C:\\Windows;C:\\Windows\\System32\\Wbem;C:\\Windows\\System32\\WindowsPowerShell\\v1.0\\;C:\\Program Files (x86)\\NVIDIA Corporation\\PhysX\\Common;C:\\Program Files (x86)\\SSH Communications Security\\SSH Secure Shell'
    'SystemRoot' => 'C:\\Windows'
    'COMSPEC' => 'C:\\Windows\\system32\\cmd.exe'
    'PATHEXT' => '.COM;.EXE;.BAT;.CMD;.VBS;.VBE;.JS;.JSE;.WSF;.WSH;.MSC'
    'WINDIR' => 'C:\\Windows'
    'SERVER_SIGNATURE' => '<address>Apache/2.4.4 (Win32) OpenSSL/1.0.1e PHP/5.5.1 Server at 127.0.0.1 Port 80</address>
'
    'SERVER_SOFTWARE' => 'Apache/2.4.4 (Win32) OpenSSL/1.0.1e PHP/5.5.1'
    'SERVER_NAME' => '127.0.0.1'
    'SERVER_ADDR' => '127.0.0.1'
    'SERVER_PORT' => '80'
    'REMOTE_ADDR' => '127.0.0.1'
    'DOCUMENT_ROOT' => 'D:/xampp/htdocs/'
    'REQUEST_SCHEME' => 'http'
    'CONTEXT_PREFIX' => ''
    'CONTEXT_DOCUMENT_ROOT' => 'D:/xampp/htdocs'
    'SERVER_ADMIN' => 'postmaster@localhost'
    'SCRIPT_FILENAME' => 'D:/xampp/htdocs/ywfy/web/index.php'
    'REMOTE_PORT' => '56886'
    'GATEWAY_INTERFACE' => 'CGI/1.1'
    'SERVER_PROTOCOL' => 'HTTP/1.1'
    'REQUEST_METHOD' => 'GET'
    'QUERY_STRING' => 'r=input/edit-assess&tpl=undefined'
    'REQUEST_URI' => '/ywfy/web/index.php?r=input/edit-assess&tpl=undefined'
    'SCRIPT_NAME' => '/ywfy/web/index.php'
    'PHP_SELF' => '/ywfy/web/index.php'
    'REQUEST_TIME_FLOAT' => 1444624358.866
    'REQUEST_TIME' => 1444624358
]
2015-10-12 06:35:46 [127.0.0.1][-][-][error][yii\base\ErrorException:8] exception 'yii\base\ErrorException' with message 'Undefined variable: model' in D:\xampp\htdocs\ywfy\views\input\edit\assess.php:23
Stack trace:
#0 D:\xampp\htdocs\ywfy\views\input\edit\assess.php(23): yii\base\ErrorHandler->handleError(8, 'Undefined varia...', 'D:\xampp\htdocs...', 23, Array)
#1 D:\xampp\htdocs\ywfy\vendor\yiisoft\yii2\base\View.php(325): require('D:\xampp\htdocs...')
#2 D:\xampp\htdocs\ywfy\vendor\yiisoft\yii2\base\View.php(247): yii\base\View->renderPhpFile('D:\xampp\htdocs...', Array)
#3 D:\xampp\htdocs\ywfy\vendor\yiisoft\yii2\base\View.php(149): yii\base\View->renderFile('D:\xampp\htdocs...', Array, Object(app\controllers\InputController))
#4 D:\xampp\htdocs\ywfy\vendor\yiisoft\yii2\base\Controller.php(402): yii\base\View->render('edit/assess', Array, Object(app\controllers\InputController))
#5 D:\xampp\htdocs\ywfy\controllers\InputController.php(79): yii\base\Controller->renderPartial('edit/assess')
#6 [internal function]: app\controllers\InputController->actionEditAssess()
#7 D:\xampp\htdocs\ywfy\vendor\yiisoft\yii2\base\InlineAction.php(55): call_user_func_array(Array, Array)
#8 D:\xampp\htdocs\ywfy\vendor\yiisoft\yii2\base\Controller.php(151): yii\base\InlineAction->runWithParams(Array)
#9 D:\xampp\htdocs\ywfy\vendor\yiisoft\yii2\base\Module.php(455): yii\base\Controller->runAction('edit-assess', Array)
#10 D:\xampp\htdocs\ywfy\vendor\yiisoft\yii2\web\Application.php(84): yii\base\Module->runAction('input/edit-asse...', Array)
#11 D:\xampp\htdocs\ywfy\vendor\yiisoft\yii2\base\Application.php(375): yii\web\Application->handleRequest(Object(yii\web\Request))
#12 D:\xampp\htdocs\ywfy\web\index.php(15): yii\base\Application->run()
#13 {main}
2015-10-12 06:35:46 [127.0.0.1][-][-][info][application] $_GET = [
    'r' => 'input/edit-assess'
    'tpl' => 'undefined'
]

$_COOKIE = [
    '_csrf' => '97a4e574463c673686716f9547205cdb49083a3158a7ae1e0fef9409cd75f4afa:2:{i:0;s:5:\"_csrf\";i:1;s:32:\"icGrvLrdsGbxEyABKnEGCMohtHV1QlAP\";}'
    'PHPSESSID' => 'gk5mhea1380kdva9rf1aofi3a3'
    '_identity' => 'ec170b5ad339303479c9dcb3477fef2ee159b9087eb7be99767be34b7886e48da:2:{i:0;s:9:\"_identity\";i:1;s:18:\"[\"6\",null,2592000]\";}'
]

$_SERVER = [
    'MIBDIRS' => 'D:/xampp/php/extras/mibs'
    'MYSQL_HOME' => '\\xampp\\mysql\\bin'
    'OPENSSL_CONF' => 'D:/xampp/apache/bin/openssl.cnf'
    'PHP_PEAR_SYSCONF_DIR' => '\\xampp\\php'
    'PHPRC' => '\\xampp\\php'
    'TMP' => '\\xampp\\tmp'
    'HTTP_HOST' => '127.0.0.1'
    'HTTP_CONNECTION' => 'keep-alive'
    'HTTP_ACCEPT' => '*/*'
    'HTTP_X_CSRF_TOKEN' => 'WUFENm5tQVEwIgNEGCEzNSoGJk4rFAATEi8BcS0gLjktCRIHPwEAAQ=='
    'HTTP_X_REQUESTED_WITH' => 'XMLHttpRequest'
    'HTTP_USER_AGENT' => 'Mozilla/5.0 (Windows NT 6.1; WOW64) AppleWebKit/537.36 (KHTML, like Gecko) Chrome/45.0.2454.85 Safari/537.36'
    'HTTP_REFERER' => 'http://127.0.0.1/ywfy/web/index.php?r=input/assess'
    'HTTP_ACCEPT_ENCODING' => 'gzip, deflate, sdch'
    'HTTP_ACCEPT_LANGUAGE' => 'zh-CN,zh;q=0.8'
    'HTTP_COOKIE' => '_csrf=97a4e574463c673686716f9547205cdb49083a3158a7ae1e0fef9409cd75f4afa%3A2%3A%7Bi%3A0%3Bs%3A5%3A%22_csrf%22%3Bi%3A1%3Bs%3A32%3A%22icGrvLrdsGbxEyABKnEGCMohtHV1QlAP%22%3B%7D; PHPSESSID=gk5mhea1380kdva9rf1aofi3a3; _identity=ec170b5ad339303479c9dcb3477fef2ee159b9087eb7be99767be34b7886e48da%3A2%3A%7Bi%3A0%3Bs%3A9%3A%22_identity%22%3Bi%3A1%3Bs%3A18%3A%22%5B%226%22%2Cnull%2C2592000%5D%22%3B%7D'
    'PATH' => 'C:\\Windows\\system32;C:\\Windows;C:\\Windows\\System32\\Wbem;C:\\Windows\\System32\\WindowsPowerShell\\v1.0\\;C:\\Program Files (x86)\\NVIDIA Corporation\\PhysX\\Common;C:\\Program Files (x86)\\SSH Communications Security\\SSH Secure Shell'
    'SystemRoot' => 'C:\\Windows'
    'COMSPEC' => 'C:\\Windows\\system32\\cmd.exe'
    'PATHEXT' => '.COM;.EXE;.BAT;.CMD;.VBS;.VBE;.JS;.JSE;.WSF;.WSH;.MSC'
    'WINDIR' => 'C:\\Windows'
    'SERVER_SIGNATURE' => '<address>Apache/2.4.4 (Win32) OpenSSL/1.0.1e PHP/5.5.1 Server at 127.0.0.1 Port 80</address>
'
    'SERVER_SOFTWARE' => 'Apache/2.4.4 (Win32) OpenSSL/1.0.1e PHP/5.5.1'
    'SERVER_NAME' => '127.0.0.1'
    'SERVER_ADDR' => '127.0.0.1'
    'SERVER_PORT' => '80'
    'REMOTE_ADDR' => '127.0.0.1'
    'DOCUMENT_ROOT' => 'D:/xampp/htdocs/'
    'REQUEST_SCHEME' => 'http'
    'CONTEXT_PREFIX' => ''
    'CONTEXT_DOCUMENT_ROOT' => 'D:/xampp/htdocs'
    'SERVER_ADMIN' => 'postmaster@localhost'
    'SCRIPT_FILENAME' => 'D:/xampp/htdocs/ywfy/web/index.php'
    'REMOTE_PORT' => '56951'
    'GATEWAY_INTERFACE' => 'CGI/1.1'
    'SERVER_PROTOCOL' => 'HTTP/1.1'
    'REQUEST_METHOD' => 'GET'
    'QUERY_STRING' => 'r=input/edit-assess&tpl=undefined'
    'REQUEST_URI' => '/ywfy/web/index.php?r=input/edit-assess&tpl=undefined'
    'SCRIPT_NAME' => '/ywfy/web/index.php'
    'PHP_SELF' => '/ywfy/web/index.php'
    'REQUEST_TIME_FLOAT' => 1444624546.367
    'REQUEST_TIME' => 1444624546
]
2015-10-12 06:35:46 [127.0.0.1][-][-][warning][yii\log\Dispatcher::dispatch] Unable to send log via yii\debug\LogTarget: Exception 'Exception' with message 'Serialization of 'Closure' is not allowed' 

in D:\xampp\htdocs\ywfy\vendor\yiisoft\yii2-debug\LogTarget.php:58

Stack trace:
#0 D:\xampp\htdocs\ywfy\vendor\yiisoft\yii2-debug\LogTarget.php(58): serialize(Array)
#1 D:\xampp\htdocs\ywfy\vendor\yiisoft\yii2-debug\LogTarget.php(112): yii\debug\LogTarget->export(Array)
#2 D:\xampp\htdocs\ywfy\vendor\yiisoft\yii2\log\Dispatcher.php(183): yii\debug\LogTarget->collect(Array, true)
#3 D:\xampp\htdocs\ywfy\vendor\yiisoft\yii2\log\Logger.php(173): yii\log\Dispatcher->dispatch(Array, true)
#4 D:\xampp\htdocs\ywfy\vendor\yiisoft\yii2\base\ErrorHandler.php(111): yii\log\Logger->flush(true)
#5 [internal function]: yii\base\ErrorHandler->handleException(Object(yii\base\ErrorException))
#6 {main}
2015-10-12 06:35:46 [127.0.0.1][-][-][info][application] $_GET = [
    'r' => 'input/edit-assess'
    'tpl' => 'undefined'
]

$_COOKIE = [
    '_csrf' => '97a4e574463c673686716f9547205cdb49083a3158a7ae1e0fef9409cd75f4afa:2:{i:0;s:5:\"_csrf\";i:1;s:32:\"icGrvLrdsGbxEyABKnEGCMohtHV1QlAP\";}'
    'PHPSESSID' => 'gk5mhea1380kdva9rf1aofi3a3'
    '_identity' => 'ec170b5ad339303479c9dcb3477fef2ee159b9087eb7be99767be34b7886e48da:2:{i:0;s:9:\"_identity\";i:1;s:18:\"[\"6\",null,2592000]\";}'
]

$_SERVER = [
    'MIBDIRS' => 'D:/xampp/php/extras/mibs'
    'MYSQL_HOME' => '\\xampp\\mysql\\bin'
    'OPENSSL_CONF' => 'D:/xampp/apache/bin/openssl.cnf'
    'PHP_PEAR_SYSCONF_DIR' => '\\xampp\\php'
    'PHPRC' => '\\xampp\\php'
    'TMP' => '\\xampp\\tmp'
    'HTTP_HOST' => '127.0.0.1'
    'HTTP_CONNECTION' => 'keep-alive'
    'HTTP_ACCEPT' => '*/*'
    'HTTP_X_CSRF_TOKEN' => 'WUFENm5tQVEwIgNEGCEzNSoGJk4rFAATEi8BcS0gLjktCRIHPwEAAQ=='
    'HTTP_X_REQUESTED_WITH' => 'XMLHttpRequest'
    'HTTP_USER_AGENT' => 'Mozilla/5.0 (Windows NT 6.1; WOW64) AppleWebKit/537.36 (KHTML, like Gecko) Chrome/45.0.2454.85 Safari/537.36'
    'HTTP_REFERER' => 'http://127.0.0.1/ywfy/web/index.php?r=input/assess'
    'HTTP_ACCEPT_ENCODING' => 'gzip, deflate, sdch'
    'HTTP_ACCEPT_LANGUAGE' => 'zh-CN,zh;q=0.8'
    'HTTP_COOKIE' => '_csrf=97a4e574463c673686716f9547205cdb49083a3158a7ae1e0fef9409cd75f4afa%3A2%3A%7Bi%3A0%3Bs%3A5%3A%22_csrf%22%3Bi%3A1%3Bs%3A32%3A%22icGrvLrdsGbxEyABKnEGCMohtHV1QlAP%22%3B%7D; PHPSESSID=gk5mhea1380kdva9rf1aofi3a3; _identity=ec170b5ad339303479c9dcb3477fef2ee159b9087eb7be99767be34b7886e48da%3A2%3A%7Bi%3A0%3Bs%3A9%3A%22_identity%22%3Bi%3A1%3Bs%3A18%3A%22%5B%226%22%2Cnull%2C2592000%5D%22%3B%7D'
    'PATH' => 'C:\\Windows\\system32;C:\\Windows;C:\\Windows\\System32\\Wbem;C:\\Windows\\System32\\WindowsPowerShell\\v1.0\\;C:\\Program Files (x86)\\NVIDIA Corporation\\PhysX\\Common;C:\\Program Files (x86)\\SSH Communications Security\\SSH Secure Shell'
    'SystemRoot' => 'C:\\Windows'
    'COMSPEC' => 'C:\\Windows\\system32\\cmd.exe'
    'PATHEXT' => '.COM;.EXE;.BAT;.CMD;.VBS;.VBE;.JS;.JSE;.WSF;.WSH;.MSC'
    'WINDIR' => 'C:\\Windows'
    'SERVER_SIGNATURE' => '<address>Apache/2.4.4 (Win32) OpenSSL/1.0.1e PHP/5.5.1 Server at 127.0.0.1 Port 80</address>
'
    'SERVER_SOFTWARE' => 'Apache/2.4.4 (Win32) OpenSSL/1.0.1e PHP/5.5.1'
    'SERVER_NAME' => '127.0.0.1'
    'SERVER_ADDR' => '127.0.0.1'
    'SERVER_PORT' => '80'
    'REMOTE_ADDR' => '127.0.0.1'
    'DOCUMENT_ROOT' => 'D:/xampp/htdocs/'
    'REQUEST_SCHEME' => 'http'
    'CONTEXT_PREFIX' => ''
    'CONTEXT_DOCUMENT_ROOT' => 'D:/xampp/htdocs'
    'SERVER_ADMIN' => 'postmaster@localhost'
    'SCRIPT_FILENAME' => 'D:/xampp/htdocs/ywfy/web/index.php'
    'REMOTE_PORT' => '56951'
    'GATEWAY_INTERFACE' => 'CGI/1.1'
    'SERVER_PROTOCOL' => 'HTTP/1.1'
    'REQUEST_METHOD' => 'GET'
    'QUERY_STRING' => 'r=input/edit-assess&tpl=undefined'
    'REQUEST_URI' => '/ywfy/web/index.php?r=input/edit-assess&tpl=undefined'
    'SCRIPT_NAME' => '/ywfy/web/index.php'
    'PHP_SELF' => '/ywfy/web/index.php'
    'REQUEST_TIME_FLOAT' => 1444624546.367
    'REQUEST_TIME' => 1444624546
]
2015-10-12 07:06:55 [127.0.0.1][6][piti7r95g40b0u6p50s89goh67][error][yii\base\ErrorException:2] exception 'yii\base\ErrorException' with message 'Invalid argument supplied for foreach()' in D:\xampp\htdocs\ywfy\views\input\index.php:8
Stack trace:
#0 D:\xampp\htdocs\ywfy\views\input\index.php(8): yii\base\ErrorHandler->handleError(2, 'Invalid argumen...', 'D:\xampp\htdocs...', 8, Array)
#1 D:\xampp\htdocs\ywfy\vendor\yiisoft\yii2\base\View.php(325): require('D:\xampp\htdocs...')
#2 D:\xampp\htdocs\ywfy\vendor\yiisoft\yii2\base\View.php(247): yii\base\View->renderPhpFile('D:\xampp\htdocs...', Array)
#3 D:\xampp\htdocs\ywfy\vendor\yiisoft\yii2\base\View.php(149): yii\base\View->renderFile('D:\xampp\htdocs...', Array, Object(app\controllers\InputController))
#4 D:\xampp\htdocs\ywfy\vendor\yiisoft\yii2\base\Controller.php(371): yii\base\View->render('index', Array, Object(app\controllers\InputController))
#5 D:\xampp\htdocs\ywfy\controllers\InputController.php(86): yii\base\Controller->render('index', Array)
#6 [internal function]: app\controllers\InputController->actionIdentify()
#7 D:\xampp\htdocs\ywfy\vendor\yiisoft\yii2\base\InlineAction.php(55): call_user_func_array(Array, Array)
#8 D:\xampp\htdocs\ywfy\vendor\yiisoft\yii2\base\Controller.php(151): yii\base\InlineAction->runWithParams(Array)
#9 D:\xampp\htdocs\ywfy\vendor\yiisoft\yii2\base\Module.php(455): yii\base\Controller->runAction('identify', Array)
#10 D:\xampp\htdocs\ywfy\vendor\yiisoft\yii2\web\Application.php(84): yii\base\Module->runAction('input/identify', Array)
#11 D:\xampp\htdocs\ywfy\vendor\yiisoft\yii2\base\Application.php(375): yii\web\Application->handleRequest(Object(yii\web\Request))
#12 D:\xampp\htdocs\ywfy\web\index.php(15): yii\base\Application->run()
#13 {main}
2015-10-12 07:06:54 [127.0.0.1][6][piti7r95g40b0u6p50s89goh67][info][application] $_GET = [
    'r' => 'input/identify'
]

$_COOKIE = [
    '_csrf' => '97a4e574463c673686716f9547205cdb49083a3158a7ae1e0fef9409cd75f4afa:2:{i:0;s:5:\"_csrf\";i:1;s:32:\"icGrvLrdsGbxEyABKnEGCMohtHV1QlAP\";}'
    'PHPSESSID' => 'piti7r95g40b0u6p50s89goh67'
    '_identity' => 'ec170b5ad339303479c9dcb3477fef2ee159b9087eb7be99767be34b7886e48da:2:{i:0;s:9:\"_identity\";i:1;s:18:\"[\"6\",null,2592000]\";}'
]

$_SESSION = [
    '__flash' => []
    '__id' => '6'
]

$_SERVER = [
    'MIBDIRS' => 'D:/xampp/php/extras/mibs'
    'MYSQL_HOME' => '\\xampp\\mysql\\bin'
    'OPENSSL_CONF' => 'D:/xampp/apache/bin/openssl.cnf'
    'PHP_PEAR_SYSCONF_DIR' => '\\xampp\\php'
    'PHPRC' => '\\xampp\\php'
    'TMP' => '\\xampp\\tmp'
    'HTTP_HOST' => '127.0.0.1'
    'HTTP_CONNECTION' => 'keep-alive'
    'HTTP_ACCEPT' => 'text/html,application/xhtml+xml,application/xml;q=0.9,image/webp,*/*;q=0.8'
    'HTTP_UPGRADE_INSECURE_REQUESTS' => '1'
    'HTTP_USER_AGENT' => 'Mozilla/5.0 (Windows NT 6.1; WOW64) AppleWebKit/537.36 (KHTML, like Gecko) Chrome/45.0.2454.85 Safari/537.36'
    'HTTP_REFERER' => 'http://127.0.0.1/ywfy/web/index.php'
    'HTTP_ACCEPT_ENCODING' => 'gzip, deflate, sdch'
    'HTTP_ACCEPT_LANGUAGE' => 'zh-CN,zh;q=0.8'
    'HTTP_COOKIE' => '_csrf=97a4e574463c673686716f9547205cdb49083a3158a7ae1e0fef9409cd75f4afa%3A2%3A%7Bi%3A0%3Bs%3A5%3A%22_csrf%22%3Bi%3A1%3Bs%3A32%3A%22icGrvLrdsGbxEyABKnEGCMohtHV1QlAP%22%3B%7D; PHPSESSID=piti7r95g40b0u6p50s89goh67; _identity=ec170b5ad339303479c9dcb3477fef2ee159b9087eb7be99767be34b7886e48da%3A2%3A%7Bi%3A0%3Bs%3A9%3A%22_identity%22%3Bi%3A1%3Bs%3A18%3A%22%5B%226%22%2Cnull%2C2592000%5D%22%3B%7D'
    'PATH' => 'C:\\Windows\\system32;C:\\Windows;C:\\Windows\\System32\\Wbem;C:\\Windows\\System32\\WindowsPowerShell\\v1.0\\;C:\\Program Files (x86)\\NVIDIA Corporation\\PhysX\\Common;C:\\Program Files (x86)\\SSH Communications Security\\SSH Secure Shell'
    'SystemRoot' => 'C:\\Windows'
    'COMSPEC' => 'C:\\Windows\\system32\\cmd.exe'
    'PATHEXT' => '.COM;.EXE;.BAT;.CMD;.VBS;.VBE;.JS;.JSE;.WSF;.WSH;.MSC'
    'WINDIR' => 'C:\\Windows'
    'SERVER_SIGNATURE' => '<address>Apache/2.4.4 (Win32) OpenSSL/1.0.1e PHP/5.5.1 Server at 127.0.0.1 Port 80</address>
'
    'SERVER_SOFTWARE' => 'Apache/2.4.4 (Win32) OpenSSL/1.0.1e PHP/5.5.1'
    'SERVER_NAME' => '127.0.0.1'
    'SERVER_ADDR' => '127.0.0.1'
    'SERVER_PORT' => '80'
    'REMOTE_ADDR' => '127.0.0.1'
    'DOCUMENT_ROOT' => 'D:/xampp/htdocs/'
    'REQUEST_SCHEME' => 'http'
    'CONTEXT_PREFIX' => ''
    'CONTEXT_DOCUMENT_ROOT' => 'D:/xampp/htdocs'
    'SERVER_ADMIN' => 'postmaster@localhost'
    'SCRIPT_FILENAME' => 'D:/xampp/htdocs/ywfy/web/index.php'
    'REMOTE_PORT' => '57941'
    'GATEWAY_INTERFACE' => 'CGI/1.1'
    'SERVER_PROTOCOL' => 'HTTP/1.1'
    'REQUEST_METHOD' => 'GET'
    'QUERY_STRING' => 'r=input/identify'
    'REQUEST_URI' => '/ywfy/web/index.php?r=input/identify'
    'SCRIPT_NAME' => '/ywfy/web/index.php'
    'PHP_SELF' => '/ywfy/web/index.php'
    'REQUEST_TIME_FLOAT' => 1444626414.945
    'REQUEST_TIME' => 1444626414
]
2015-10-12 07:06:55 [127.0.0.1][6][piti7r95g40b0u6p50s89goh67][warning][yii\log\Dispatcher::dispatch] Unable to send log via yii\debug\LogTarget: Exception 'PDOException' with message 'You cannot serialize or unserialize PDO instances' 

in D:\xampp\htdocs\ywfy\vendor\yiisoft\yii2-debug\LogTarget.php:58

Stack trace:
#0 [internal function]: PDO->__sleep()
#1 D:\xampp\htdocs\ywfy\vendor\yiisoft\yii2-debug\LogTarget.php(58): serialize(Array)
#2 D:\xampp\htdocs\ywfy\vendor\yiisoft\yii2-debug\LogTarget.php(112): yii\debug\LogTarget->export(Array)
#3 D:\xampp\htdocs\ywfy\vendor\yiisoft\yii2\log\Dispatcher.php(183): yii\debug\LogTarget->collect(Array, true)
#4 D:\xampp\htdocs\ywfy\vendor\yiisoft\yii2\log\Logger.php(173): yii\log\Dispatcher->dispatch(Array, true)
#5 D:\xampp\htdocs\ywfy\vendor\yiisoft\yii2\base\ErrorHandler.php(111): yii\log\Logger->flush(true)
#6 [internal function]: yii\base\ErrorHandler->handleException(Object(yii\base\ErrorException))
#7 {main}
2015-10-12 07:06:54 [127.0.0.1][6][piti7r95g40b0u6p50s89goh67][info][application] $_GET = [
    'r' => 'input/identify'
]

$_COOKIE = [
    '_csrf' => '97a4e574463c673686716f9547205cdb49083a3158a7ae1e0fef9409cd75f4afa:2:{i:0;s:5:\"_csrf\";i:1;s:32:\"icGrvLrdsGbxEyABKnEGCMohtHV1QlAP\";}'
    'PHPSESSID' => 'piti7r95g40b0u6p50s89goh67'
    '_identity' => 'ec170b5ad339303479c9dcb3477fef2ee159b9087eb7be99767be34b7886e48da:2:{i:0;s:9:\"_identity\";i:1;s:18:\"[\"6\",null,2592000]\";}'
]

$_SESSION = [
    '__flash' => []
    '__id' => '6'
]

$_SERVER = [
    'MIBDIRS' => 'D:/xampp/php/extras/mibs'
    'MYSQL_HOME' => '\\xampp\\mysql\\bin'
    'OPENSSL_CONF' => 'D:/xampp/apache/bin/openssl.cnf'
    'PHP_PEAR_SYSCONF_DIR' => '\\xampp\\php'
    'PHPRC' => '\\xampp\\php'
    'TMP' => '\\xampp\\tmp'
    'HTTP_HOST' => '127.0.0.1'
    'HTTP_CONNECTION' => 'keep-alive'
    'HTTP_ACCEPT' => 'text/html,application/xhtml+xml,application/xml;q=0.9,image/webp,*/*;q=0.8'
    'HTTP_UPGRADE_INSECURE_REQUESTS' => '1'
    'HTTP_USER_AGENT' => 'Mozilla/5.0 (Windows NT 6.1; WOW64) AppleWebKit/537.36 (KHTML, like Gecko) Chrome/45.0.2454.85 Safari/537.36'
    'HTTP_REFERER' => 'http://127.0.0.1/ywfy/web/index.php'
    'HTTP_ACCEPT_ENCODING' => 'gzip, deflate, sdch'
    'HTTP_ACCEPT_LANGUAGE' => 'zh-CN,zh;q=0.8'
    'HTTP_COOKIE' => '_csrf=97a4e574463c673686716f9547205cdb49083a3158a7ae1e0fef9409cd75f4afa%3A2%3A%7Bi%3A0%3Bs%3A5%3A%22_csrf%22%3Bi%3A1%3Bs%3A32%3A%22icGrvLrdsGbxEyABKnEGCMohtHV1QlAP%22%3B%7D; PHPSESSID=piti7r95g40b0u6p50s89goh67; _identity=ec170b5ad339303479c9dcb3477fef2ee159b9087eb7be99767be34b7886e48da%3A2%3A%7Bi%3A0%3Bs%3A9%3A%22_identity%22%3Bi%3A1%3Bs%3A18%3A%22%5B%226%22%2Cnull%2C2592000%5D%22%3B%7D'
    'PATH' => 'C:\\Windows\\system32;C:\\Windows;C:\\Windows\\System32\\Wbem;C:\\Windows\\System32\\WindowsPowerShell\\v1.0\\;C:\\Program Files (x86)\\NVIDIA Corporation\\PhysX\\Common;C:\\Program Files (x86)\\SSH Communications Security\\SSH Secure Shell'
    'SystemRoot' => 'C:\\Windows'
    'COMSPEC' => 'C:\\Windows\\system32\\cmd.exe'
    'PATHEXT' => '.COM;.EXE;.BAT;.CMD;.VBS;.VBE;.JS;.JSE;.WSF;.WSH;.MSC'
    'WINDIR' => 'C:\\Windows'
    'SERVER_SIGNATURE' => '<address>Apache/2.4.4 (Win32) OpenSSL/1.0.1e PHP/5.5.1 Server at 127.0.0.1 Port 80</address>
'
    'SERVER_SOFTWARE' => 'Apache/2.4.4 (Win32) OpenSSL/1.0.1e PHP/5.5.1'
    'SERVER_NAME' => '127.0.0.1'
    'SERVER_ADDR' => '127.0.0.1'
    'SERVER_PORT' => '80'
    'REMOTE_ADDR' => '127.0.0.1'
    'DOCUMENT_ROOT' => 'D:/xampp/htdocs/'
    'REQUEST_SCHEME' => 'http'
    'CONTEXT_PREFIX' => ''
    'CONTEXT_DOCUMENT_ROOT' => 'D:/xampp/htdocs'
    'SERVER_ADMIN' => 'postmaster@localhost'
    'SCRIPT_FILENAME' => 'D:/xampp/htdocs/ywfy/web/index.php'
    'REMOTE_PORT' => '57941'
    'GATEWAY_INTERFACE' => 'CGI/1.1'
    'SERVER_PROTOCOL' => 'HTTP/1.1'
    'REQUEST_METHOD' => 'GET'
    'QUERY_STRING' => 'r=input/identify'
    'REQUEST_URI' => '/ywfy/web/index.php?r=input/identify'
    'SCRIPT_NAME' => '/ywfy/web/index.php'
    'PHP_SELF' => '/ywfy/web/index.php'
    'REQUEST_TIME_FLOAT' => 1444626414.945
    'REQUEST_TIME' => 1444626414
]
2015-10-12 07:06:58 [127.0.0.1][-][-][error][yii\base\ErrorException:8] exception 'yii\base\ErrorException' with message 'Undefined variable: model' in D:\xampp\htdocs\ywfy\views\input\edit\assess.php:23
Stack trace:
#0 D:\xampp\htdocs\ywfy\views\input\edit\assess.php(23): yii\base\ErrorHandler->handleError(8, 'Undefined varia...', 'D:\xampp\htdocs...', 23, Array)
#1 D:\xampp\htdocs\ywfy\vendor\yiisoft\yii2\base\View.php(325): require('D:\xampp\htdocs...')
#2 D:\xampp\htdocs\ywfy\vendor\yiisoft\yii2\base\View.php(247): yii\base\View->renderPhpFile('D:\xampp\htdocs...', Array)
#3 D:\xampp\htdocs\ywfy\vendor\yiisoft\yii2\base\View.php(149): yii\base\View->renderFile('D:\xampp\htdocs...', Array, Object(app\controllers\InputController))
#4 D:\xampp\htdocs\ywfy\vendor\yiisoft\yii2\base\Controller.php(402): yii\base\View->render('edit/assess', Array, Object(app\controllers\InputController))
#5 D:\xampp\htdocs\ywfy\controllers\InputController.php(79): yii\base\Controller->renderPartial('edit/assess')
#6 [internal function]: app\controllers\InputController->actionEditAssess()
#7 D:\xampp\htdocs\ywfy\vendor\yiisoft\yii2\base\InlineAction.php(55): call_user_func_array(Array, Array)
#8 D:\xampp\htdocs\ywfy\vendor\yiisoft\yii2\base\Controller.php(151): yii\base\InlineAction->runWithParams(Array)
#9 D:\xampp\htdocs\ywfy\vendor\yiisoft\yii2\base\Module.php(455): yii\base\Controller->runAction('edit-assess', Array)
#10 D:\xampp\htdocs\ywfy\vendor\yiisoft\yii2\web\Application.php(84): yii\base\Module->runAction('input/edit-asse...', Array)
#11 D:\xampp\htdocs\ywfy\vendor\yiisoft\yii2\base\Application.php(375): yii\web\Application->handleRequest(Object(yii\web\Request))
#12 D:\xampp\htdocs\ywfy\web\index.php(15): yii\base\Application->run()
#13 {main}
2015-10-12 07:06:58 [127.0.0.1][-][-][info][application] $_GET = [
    'r' => 'input/edit-assess'
    'tpl' => 'undefined'
]

$_COOKIE = [
    '_csrf' => '97a4e574463c673686716f9547205cdb49083a3158a7ae1e0fef9409cd75f4afa:2:{i:0;s:5:\"_csrf\";i:1;s:32:\"icGrvLrdsGbxEyABKnEGCMohtHV1QlAP\";}'
    'PHPSESSID' => 'piti7r95g40b0u6p50s89goh67'
    '_identity' => 'ec170b5ad339303479c9dcb3477fef2ee159b9087eb7be99767be34b7886e48da:2:{i:0;s:9:\"_identity\";i:1;s:18:\"[\"6\",null,2592000]\";}'
]

$_SERVER = [
    'MIBDIRS' => 'D:/xampp/php/extras/mibs'
    'MYSQL_HOME' => '\\xampp\\mysql\\bin'
    'OPENSSL_CONF' => 'D:/xampp/apache/bin/openssl.cnf'
    'PHP_PEAR_SYSCONF_DIR' => '\\xampp\\php'
    'PHPRC' => '\\xampp\\php'
    'TMP' => '\\xampp\\tmp'
    'HTTP_HOST' => '127.0.0.1'
    'HTTP_CONNECTION' => 'keep-alive'
    'HTTP_ACCEPT' => '*/*'
    'HTTP_X_CSRF_TOKEN' => 'OUxpck5KSEdQLy4AOAY6I0oLCwoLMwkFciIsNQ0HJy9NBD9DHyYJFw=='
    'HTTP_X_REQUESTED_WITH' => 'XMLHttpRequest'
    'HTTP_USER_AGENT' => 'Mozilla/5.0 (Windows NT 6.1; WOW64) AppleWebKit/537.36 (KHTML, like Gecko) Chrome/45.0.2454.85 Safari/537.36'
    'HTTP_REFERER' => 'http://127.0.0.1/ywfy/web/index.php?r=input/assess'
    'HTTP_ACCEPT_ENCODING' => 'gzip, deflate, sdch'
    'HTTP_ACCEPT_LANGUAGE' => 'zh-CN,zh;q=0.8'
    'HTTP_COOKIE' => '_csrf=97a4e574463c673686716f9547205cdb49083a3158a7ae1e0fef9409cd75f4afa%3A2%3A%7Bi%3A0%3Bs%3A5%3A%22_csrf%22%3Bi%3A1%3Bs%3A32%3A%22icGrvLrdsGbxEyABKnEGCMohtHV1QlAP%22%3B%7D; PHPSESSID=piti7r95g40b0u6p50s89goh67; _identity=ec170b5ad339303479c9dcb3477fef2ee159b9087eb7be99767be34b7886e48da%3A2%3A%7Bi%3A0%3Bs%3A9%3A%22_identity%22%3Bi%3A1%3Bs%3A18%3A%22%5B%226%22%2Cnull%2C2592000%5D%22%3B%7D'
    'PATH' => 'C:\\Windows\\system32;C:\\Windows;C:\\Windows\\System32\\Wbem;C:\\Windows\\System32\\WindowsPowerShell\\v1.0\\;C:\\Program Files (x86)\\NVIDIA Corporation\\PhysX\\Common;C:\\Program Files (x86)\\SSH Communications Security\\SSH Secure Shell'
    'SystemRoot' => 'C:\\Windows'
    'COMSPEC' => 'C:\\Windows\\system32\\cmd.exe'
    'PATHEXT' => '.COM;.EXE;.BAT;.CMD;.VBS;.VBE;.JS;.JSE;.WSF;.WSH;.MSC'
    'WINDIR' => 'C:\\Windows'
    'SERVER_SIGNATURE' => '<address>Apache/2.4.4 (Win32) OpenSSL/1.0.1e PHP/5.5.1 Server at 127.0.0.1 Port 80</address>
'
    'SERVER_SOFTWARE' => 'Apache/2.4.4 (Win32) OpenSSL/1.0.1e PHP/5.5.1'
    'SERVER_NAME' => '127.0.0.1'
    'SERVER_ADDR' => '127.0.0.1'
    'SERVER_PORT' => '80'
    'REMOTE_ADDR' => '127.0.0.1'
    'DOCUMENT_ROOT' => 'D:/xampp/htdocs/'
    'REQUEST_SCHEME' => 'http'
    'CONTEXT_PREFIX' => ''
    'CONTEXT_DOCUMENT_ROOT' => 'D:/xampp/htdocs'
    'SERVER_ADMIN' => 'postmaster@localhost'
    'SCRIPT_FILENAME' => 'D:/xampp/htdocs/ywfy/web/index.php'
    'REMOTE_PORT' => '57951'
    'GATEWAY_INTERFACE' => 'CGI/1.1'
    'SERVER_PROTOCOL' => 'HTTP/1.1'
    'REQUEST_METHOD' => 'GET'
    'QUERY_STRING' => 'r=input/edit-assess&tpl=undefined'
    'REQUEST_URI' => '/ywfy/web/index.php?r=input/edit-assess&tpl=undefined'
    'SCRIPT_NAME' => '/ywfy/web/index.php'
    'PHP_SELF' => '/ywfy/web/index.php'
    'REQUEST_TIME_FLOAT' => 1444626418.45
    'REQUEST_TIME' => 1444626418
]
2015-10-12 07:06:58 [127.0.0.1][-][-][warning][yii\log\Dispatcher::dispatch] Unable to send log via yii\debug\LogTarget: Exception 'Exception' with message 'Serialization of 'Closure' is not allowed' 

in D:\xampp\htdocs\ywfy\vendor\yiisoft\yii2-debug\LogTarget.php:58

Stack trace:
#0 D:\xampp\htdocs\ywfy\vendor\yiisoft\yii2-debug\LogTarget.php(58): serialize(Array)
#1 D:\xampp\htdocs\ywfy\vendor\yiisoft\yii2-debug\LogTarget.php(112): yii\debug\LogTarget->export(Array)
#2 D:\xampp\htdocs\ywfy\vendor\yiisoft\yii2\log\Dispatcher.php(183): yii\debug\LogTarget->collect(Array, true)
#3 D:\xampp\htdocs\ywfy\vendor\yiisoft\yii2\log\Logger.php(173): yii\log\Dispatcher->dispatch(Array, true)
#4 D:\xampp\htdocs\ywfy\vendor\yiisoft\yii2\base\ErrorHandler.php(111): yii\log\Logger->flush(true)
#5 [internal function]: yii\base\ErrorHandler->handleException(Object(yii\base\ErrorException))
#6 {main}
2015-10-12 07:06:58 [127.0.0.1][-][-][info][application] $_GET = [
    'r' => 'input/edit-assess'
    'tpl' => 'undefined'
]

$_COOKIE = [
    '_csrf' => '97a4e574463c673686716f9547205cdb49083a3158a7ae1e0fef9409cd75f4afa:2:{i:0;s:5:\"_csrf\";i:1;s:32:\"icGrvLrdsGbxEyABKnEGCMohtHV1QlAP\";}'
    'PHPSESSID' => 'piti7r95g40b0u6p50s89goh67'
    '_identity' => 'ec170b5ad339303479c9dcb3477fef2ee159b9087eb7be99767be34b7886e48da:2:{i:0;s:9:\"_identity\";i:1;s:18:\"[\"6\",null,2592000]\";}'
]

$_SERVER = [
    'MIBDIRS' => 'D:/xampp/php/extras/mibs'
    'MYSQL_HOME' => '\\xampp\\mysql\\bin'
    'OPENSSL_CONF' => 'D:/xampp/apache/bin/openssl.cnf'
    'PHP_PEAR_SYSCONF_DIR' => '\\xampp\\php'
    'PHPRC' => '\\xampp\\php'
    'TMP' => '\\xampp\\tmp'
    'HTTP_HOST' => '127.0.0.1'
    'HTTP_CONNECTION' => 'keep-alive'
    'HTTP_ACCEPT' => '*/*'
    'HTTP_X_CSRF_TOKEN' => 'OUxpck5KSEdQLy4AOAY6I0oLCwoLMwkFciIsNQ0HJy9NBD9DHyYJFw=='
    'HTTP_X_REQUESTED_WITH' => 'XMLHttpRequest'
    'HTTP_USER_AGENT' => 'Mozilla/5.0 (Windows NT 6.1; WOW64) AppleWebKit/537.36 (KHTML, like Gecko) Chrome/45.0.2454.85 Safari/537.36'
    'HTTP_REFERER' => 'http://127.0.0.1/ywfy/web/index.php?r=input/assess'
    'HTTP_ACCEPT_ENCODING' => 'gzip, deflate, sdch'
    'HTTP_ACCEPT_LANGUAGE' => 'zh-CN,zh;q=0.8'
    'HTTP_COOKIE' => '_csrf=97a4e574463c673686716f9547205cdb49083a3158a7ae1e0fef9409cd75f4afa%3A2%3A%7Bi%3A0%3Bs%3A5%3A%22_csrf%22%3Bi%3A1%3Bs%3A32%3A%22icGrvLrdsGbxEyABKnEGCMohtHV1QlAP%22%3B%7D; PHPSESSID=piti7r95g40b0u6p50s89goh67; _identity=ec170b5ad339303479c9dcb3477fef2ee159b9087eb7be99767be34b7886e48da%3A2%3A%7Bi%3A0%3Bs%3A9%3A%22_identity%22%3Bi%3A1%3Bs%3A18%3A%22%5B%226%22%2Cnull%2C2592000%5D%22%3B%7D'
    'PATH' => 'C:\\Windows\\system32;C:\\Windows;C:\\Windows\\System32\\Wbem;C:\\Windows\\System32\\WindowsPowerShell\\v1.0\\;C:\\Program Files (x86)\\NVIDIA Corporation\\PhysX\\Common;C:\\Program Files (x86)\\SSH Communications Security\\SSH Secure Shell'
    'SystemRoot' => 'C:\\Windows'
    'COMSPEC' => 'C:\\Windows\\system32\\cmd.exe'
    'PATHEXT' => '.COM;.EXE;.BAT;.CMD;.VBS;.VBE;.JS;.JSE;.WSF;.WSH;.MSC'
    'WINDIR' => 'C:\\Windows'
    'SERVER_SIGNATURE' => '<address>Apache/2.4.4 (Win32) OpenSSL/1.0.1e PHP/5.5.1 Server at 127.0.0.1 Port 80</address>
'
    'SERVER_SOFTWARE' => 'Apache/2.4.4 (Win32) OpenSSL/1.0.1e PHP/5.5.1'
    'SERVER_NAME' => '127.0.0.1'
    'SERVER_ADDR' => '127.0.0.1'
    'SERVER_PORT' => '80'
    'REMOTE_ADDR' => '127.0.0.1'
    'DOCUMENT_ROOT' => 'D:/xampp/htdocs/'
    'REQUEST_SCHEME' => 'http'
    'CONTEXT_PREFIX' => ''
    'CONTEXT_DOCUMENT_ROOT' => 'D:/xampp/htdocs'
    'SERVER_ADMIN' => 'postmaster@localhost'
    'SCRIPT_FILENAME' => 'D:/xampp/htdocs/ywfy/web/index.php'
    'REMOTE_PORT' => '57951'
    'GATEWAY_INTERFACE' => 'CGI/1.1'
    'SERVER_PROTOCOL' => 'HTTP/1.1'
    'REQUEST_METHOD' => 'GET'
    'QUERY_STRING' => 'r=input/edit-assess&tpl=undefined'
    'REQUEST_URI' => '/ywfy/web/index.php?r=input/edit-assess&tpl=undefined'
    'SCRIPT_NAME' => '/ywfy/web/index.php'
    'PHP_SELF' => '/ywfy/web/index.php'
    'REQUEST_TIME_FLOAT' => 1444626418.45
    'REQUEST_TIME' => 1444626418
]
2015-10-12 07:07:22 [127.0.0.1][2][etvgorg39j2b7dflr8im8ap540][error][yii\base\ErrorException:2] exception 'yii\base\ErrorException' with message 'Invalid argument supplied for foreach()' in D:\xampp\htdocs\ywfy\views\input\index.php:8
Stack trace:
#0 D:\xampp\htdocs\ywfy\views\input\index.php(8): yii\base\ErrorHandler->handleError(2, 'Invalid argumen...', 'D:\xampp\htdocs...', 8, Array)
#1 D:\xampp\htdocs\ywfy\vendor\yiisoft\yii2\base\View.php(325): require('D:\xampp\htdocs...')
#2 D:\xampp\htdocs\ywfy\vendor\yiisoft\yii2\base\View.php(247): yii\base\View->renderPhpFile('D:\xampp\htdocs...', Array)
#3 D:\xampp\htdocs\ywfy\vendor\yiisoft\yii2\base\View.php(149): yii\base\View->renderFile('D:\xampp\htdocs...', Array, Object(app\controllers\InputController))
#4 D:\xampp\htdocs\ywfy\vendor\yiisoft\yii2\base\Controller.php(371): yii\base\View->render('index', Array, Object(app\controllers\InputController))
#5 D:\xampp\htdocs\ywfy\controllers\InputController.php(86): yii\base\Controller->render('index', Array)
#6 [internal function]: app\controllers\InputController->actionIdentify()
#7 D:\xampp\htdocs\ywfy\vendor\yiisoft\yii2\base\InlineAction.php(55): call_user_func_array(Array, Array)
#8 D:\xampp\htdocs\ywfy\vendor\yiisoft\yii2\base\Controller.php(151): yii\base\InlineAction->runWithParams(Array)
#9 D:\xampp\htdocs\ywfy\vendor\yiisoft\yii2\base\Module.php(455): yii\base\Controller->runAction('identify', Array)
#10 D:\xampp\htdocs\ywfy\vendor\yiisoft\yii2\web\Application.php(84): yii\base\Module->runAction('input/identify', Array)
#11 D:\xampp\htdocs\ywfy\vendor\yiisoft\yii2\base\Application.php(375): yii\web\Application->handleRequest(Object(yii\web\Request))
#12 D:\xampp\htdocs\ywfy\web\index.php(15): yii\base\Application->run()
#13 {main}
2015-10-12 07:07:21 [127.0.0.1][2][etvgorg39j2b7dflr8im8ap540][info][application] $_GET = [
    'r' => 'input/identify'
]

$_COOKIE = [
    'PHPSESSID' => 'etvgorg39j2b7dflr8im8ap540'
    '_csrf' => '22d53e8e1b8308eee64d6ec73a8b16d1fcabc0671176b761d918cdc1f8f9a039a:2:{i:0;s:5:\"_csrf\";i:1;s:32:\"0I-_9UuDUBSFvOyklffYZPi0xWoEGKsI\";}'
    '_identity' => '7e165c3c3748127cce6806c12c033a02fad8a99aecf55cc419d4230ef408f73fa:2:{i:0;s:9:\"_identity\";i:1;s:18:\"[\"2\",null,2592000]\";}'
]

$_SESSION = [
    '__flash' => []
    '__id' => '2'
]

$_SERVER = [
    'MIBDIRS' => 'D:/xampp/php/extras/mibs'
    'MYSQL_HOME' => '\\xampp\\mysql\\bin'
    'OPENSSL_CONF' => 'D:/xampp/apache/bin/openssl.cnf'
    'PHP_PEAR_SYSCONF_DIR' => '\\xampp\\php'
    'PHPRC' => '\\xampp\\php'
    'TMP' => '\\xampp\\tmp'
    'HTTP_HOST' => '127.0.0.1'
    'HTTP_CONNECTION' => 'keep-alive'
    'HTTP_ACCEPT' => 'text/html,application/xhtml+xml,application/xml;q=0.9,image/webp,*/*;q=0.8'
    'HTTP_USER_AGENT' => 'Mozilla/5.0 (Windows NT 6.1; WOW64) AppleWebKit/537.36 (KHTML, like Gecko) Chrome/42.0.2311.152 Safari/537.36'
    'HTTP_REFERER' => 'http://127.0.0.1/ywfy/web/index.php'
    'HTTP_ACCEPT_ENCODING' => 'gzip, deflate, sdch'
    'HTTP_ACCEPT_LANGUAGE' => 'zh-CN,zh;q=0.8'
    'HTTP_COOKIE' => 'PHPSESSID=etvgorg39j2b7dflr8im8ap540; _csrf=22d53e8e1b8308eee64d6ec73a8b16d1fcabc0671176b761d918cdc1f8f9a039a%3A2%3A%7Bi%3A0%3Bs%3A5%3A%22_csrf%22%3Bi%3A1%3Bs%3A32%3A%220I-_9UuDUBSFvOyklffYZPi0xWoEGKsI%22%3B%7D; _identity=7e165c3c3748127cce6806c12c033a02fad8a99aecf55cc419d4230ef408f73fa%3A2%3A%7Bi%3A0%3Bs%3A9%3A%22_identity%22%3Bi%3A1%3Bs%3A18%3A%22%5B%222%22%2Cnull%2C2592000%5D%22%3B%7D'
    'PATH' => 'C:\\Windows\\system32;C:\\Windows;C:\\Windows\\System32\\Wbem;C:\\Windows\\System32\\WindowsPowerShell\\v1.0\\;C:\\Program Files (x86)\\NVIDIA Corporation\\PhysX\\Common;C:\\Program Files (x86)\\SSH Communications Security\\SSH Secure Shell'
    'SystemRoot' => 'C:\\Windows'
    'COMSPEC' => 'C:\\Windows\\system32\\cmd.exe'
    'PATHEXT' => '.COM;.EXE;.BAT;.CMD;.VBS;.VBE;.JS;.JSE;.WSF;.WSH;.MSC'
    'WINDIR' => 'C:\\Windows'
    'SERVER_SIGNATURE' => '<address>Apache/2.4.4 (Win32) OpenSSL/1.0.1e PHP/5.5.1 Server at 127.0.0.1 Port 80</address>
'
    'SERVER_SOFTWARE' => 'Apache/2.4.4 (Win32) OpenSSL/1.0.1e PHP/5.5.1'
    'SERVER_NAME' => '127.0.0.1'
    'SERVER_ADDR' => '127.0.0.1'
    'SERVER_PORT' => '80'
    'REMOTE_ADDR' => '127.0.0.1'
    'DOCUMENT_ROOT' => 'D:/xampp/htdocs/'
    'REQUEST_SCHEME' => 'http'
    'CONTEXT_PREFIX' => ''
    'CONTEXT_DOCUMENT_ROOT' => 'D:/xampp/htdocs'
    'SERVER_ADMIN' => 'postmaster@localhost'
    'SCRIPT_FILENAME' => 'D:/xampp/htdocs/ywfy/web/index.php'
    'REMOTE_PORT' => '57965'
    'GATEWAY_INTERFACE' => 'CGI/1.1'
    'SERVER_PROTOCOL' => 'HTTP/1.1'
    'REQUEST_METHOD' => 'GET'
    'QUERY_STRING' => 'r=input/identify'
    'REQUEST_URI' => '/ywfy/web/index.php?r=input/identify'
    'SCRIPT_NAME' => '/ywfy/web/index.php'
    'PHP_SELF' => '/ywfy/web/index.php'
    'REQUEST_TIME_FLOAT' => 1444626441.969
    'REQUEST_TIME' => 1444626441
]
2015-10-12 07:07:22 [127.0.0.1][2][etvgorg39j2b7dflr8im8ap540][warning][yii\log\Dispatcher::dispatch] Unable to send log via yii\debug\LogTarget: Exception 'PDOException' with message 'You cannot serialize or unserialize PDO instances' 

in D:\xampp\htdocs\ywfy\vendor\yiisoft\yii2-debug\LogTarget.php:58

Stack trace:
#0 [internal function]: PDO->__sleep()
#1 D:\xampp\htdocs\ywfy\vendor\yiisoft\yii2-debug\LogTarget.php(58): serialize(Array)
#2 D:\xampp\htdocs\ywfy\vendor\yiisoft\yii2-debug\LogTarget.php(112): yii\debug\LogTarget->export(Array)
#3 D:\xampp\htdocs\ywfy\vendor\yiisoft\yii2\log\Dispatcher.php(183): yii\debug\LogTarget->collect(Array, true)
#4 D:\xampp\htdocs\ywfy\vendor\yiisoft\yii2\log\Logger.php(173): yii\log\Dispatcher->dispatch(Array, true)
#5 D:\xampp\htdocs\ywfy\vendor\yiisoft\yii2\base\ErrorHandler.php(111): yii\log\Logger->flush(true)
#6 [internal function]: yii\base\ErrorHandler->handleException(Object(yii\base\ErrorException))
#7 {main}
2015-10-12 07:07:21 [127.0.0.1][2][etvgorg39j2b7dflr8im8ap540][info][application] $_GET = [
    'r' => 'input/identify'
]

$_COOKIE = [
    'PHPSESSID' => 'etvgorg39j2b7dflr8im8ap540'
    '_csrf' => '22d53e8e1b8308eee64d6ec73a8b16d1fcabc0671176b761d918cdc1f8f9a039a:2:{i:0;s:5:\"_csrf\";i:1;s:32:\"0I-_9UuDUBSFvOyklffYZPi0xWoEGKsI\";}'
    '_identity' => '7e165c3c3748127cce6806c12c033a02fad8a99aecf55cc419d4230ef408f73fa:2:{i:0;s:9:\"_identity\";i:1;s:18:\"[\"2\",null,2592000]\";}'
]

$_SESSION = [
    '__flash' => []
    '__id' => '2'
]

$_SERVER = [
    'MIBDIRS' => 'D:/xampp/php/extras/mibs'
    'MYSQL_HOME' => '\\xampp\\mysql\\bin'
    'OPENSSL_CONF' => 'D:/xampp/apache/bin/openssl.cnf'
    'PHP_PEAR_SYSCONF_DIR' => '\\xampp\\php'
    'PHPRC' => '\\xampp\\php'
    'TMP' => '\\xampp\\tmp'
    'HTTP_HOST' => '127.0.0.1'
    'HTTP_CONNECTION' => 'keep-alive'
    'HTTP_ACCEPT' => 'text/html,application/xhtml+xml,application/xml;q=0.9,image/webp,*/*;q=0.8'
    'HTTP_USER_AGENT' => 'Mozilla/5.0 (Windows NT 6.1; WOW64) AppleWebKit/537.36 (KHTML, like Gecko) Chrome/42.0.2311.152 Safari/537.36'
    'HTTP_REFERER' => 'http://127.0.0.1/ywfy/web/index.php'
    'HTTP_ACCEPT_ENCODING' => 'gzip, deflate, sdch'
    'HTTP_ACCEPT_LANGUAGE' => 'zh-CN,zh;q=0.8'
    'HTTP_COOKIE' => 'PHPSESSID=etvgorg39j2b7dflr8im8ap540; _csrf=22d53e8e1b8308eee64d6ec73a8b16d1fcabc0671176b761d918cdc1f8f9a039a%3A2%3A%7Bi%3A0%3Bs%3A5%3A%22_csrf%22%3Bi%3A1%3Bs%3A32%3A%220I-_9UuDUBSFvOyklffYZPi0xWoEGKsI%22%3B%7D; _identity=7e165c3c3748127cce6806c12c033a02fad8a99aecf55cc419d4230ef408f73fa%3A2%3A%7Bi%3A0%3Bs%3A9%3A%22_identity%22%3Bi%3A1%3Bs%3A18%3A%22%5B%222%22%2Cnull%2C2592000%5D%22%3B%7D'
    'PATH' => 'C:\\Windows\\system32;C:\\Windows;C:\\Windows\\System32\\Wbem;C:\\Windows\\System32\\WindowsPowerShell\\v1.0\\;C:\\Program Files (x86)\\NVIDIA Corporation\\PhysX\\Common;C:\\Program Files (x86)\\SSH Communications Security\\SSH Secure Shell'
    'SystemRoot' => 'C:\\Windows'
    'COMSPEC' => 'C:\\Windows\\system32\\cmd.exe'
    'PATHEXT' => '.COM;.EXE;.BAT;.CMD;.VBS;.VBE;.JS;.JSE;.WSF;.WSH;.MSC'
    'WINDIR' => 'C:\\Windows'
    'SERVER_SIGNATURE' => '<address>Apache/2.4.4 (Win32) OpenSSL/1.0.1e PHP/5.5.1 Server at 127.0.0.1 Port 80</address>
'
    'SERVER_SOFTWARE' => 'Apache/2.4.4 (Win32) OpenSSL/1.0.1e PHP/5.5.1'
    'SERVER_NAME' => '127.0.0.1'
    'SERVER_ADDR' => '127.0.0.1'
    'SERVER_PORT' => '80'
    'REMOTE_ADDR' => '127.0.0.1'
    'DOCUMENT_ROOT' => 'D:/xampp/htdocs/'
    'REQUEST_SCHEME' => 'http'
    'CONTEXT_PREFIX' => ''
    'CONTEXT_DOCUMENT_ROOT' => 'D:/xampp/htdocs'
    'SERVER_ADMIN' => 'postmaster@localhost'
    'SCRIPT_FILENAME' => 'D:/xampp/htdocs/ywfy/web/index.php'
    'REMOTE_PORT' => '57965'
    'GATEWAY_INTERFACE' => 'CGI/1.1'
    'SERVER_PROTOCOL' => 'HTTP/1.1'
    'REQUEST_METHOD' => 'GET'
    'QUERY_STRING' => 'r=input/identify'
    'REQUEST_URI' => '/ywfy/web/index.php?r=input/identify'
    'SCRIPT_NAME' => '/ywfy/web/index.php'
    'PHP_SELF' => '/ywfy/web/index.php'
    'REQUEST_TIME_FLOAT' => 1444626441.969
    'REQUEST_TIME' => 1444626441
]
2015-10-12 08:26:56 [127.0.0.1][-][-][error][yii\base\ErrorException:8] exception 'yii\base\ErrorException' with message 'Undefined variable: model' in D:\xampp\htdocs\ywfy\views\input\edit\assess.php:44
Stack trace:
#0 D:\xampp\htdocs\ywfy\views\input\edit\assess.php(44): yii\base\ErrorHandler->handleError(8, 'Undefined varia...', 'D:\xampp\htdocs...', 44, Array)
#1 D:\xampp\htdocs\ywfy\vendor\yiisoft\yii2\base\View.php(325): require('D:\xampp\htdocs...')
#2 D:\xampp\htdocs\ywfy\vendor\yiisoft\yii2\base\View.php(247): yii\base\View->renderPhpFile('D:\xampp\htdocs...', Array)
#3 D:\xampp\htdocs\ywfy\vendor\yiisoft\yii2\base\View.php(149): yii\base\View->renderFile('D:\xampp\htdocs...', Array, Object(app\controllers\InputController))
#4 D:\xampp\htdocs\ywfy\vendor\yiisoft\yii2\base\Controller.php(402): yii\base\View->render('edit/assess', Array, Object(app\controllers\InputController))
#5 D:\xampp\htdocs\ywfy\controllers\InputController.php(79): yii\base\Controller->renderPartial('edit/assess')
#6 [internal function]: app\controllers\InputController->actionEditAssess()
#7 D:\xampp\htdocs\ywfy\vendor\yiisoft\yii2\base\InlineAction.php(55): call_user_func_array(Array, Array)
#8 D:\xampp\htdocs\ywfy\vendor\yiisoft\yii2\base\Controller.php(151): yii\base\InlineAction->runWithParams(Array)
#9 D:\xampp\htdocs\ywfy\vendor\yiisoft\yii2\base\Module.php(455): yii\base\Controller->runAction('edit-assess', Array)
#10 D:\xampp\htdocs\ywfy\vendor\yiisoft\yii2\web\Application.php(84): yii\base\Module->runAction('input/edit-asse...', Array)
#11 D:\xampp\htdocs\ywfy\vendor\yiisoft\yii2\base\Application.php(375): yii\web\Application->handleRequest(Object(yii\web\Request))
#12 D:\xampp\htdocs\ywfy\web\index.php(15): yii\base\Application->run()
#13 {main}
2015-10-12 08:26:56 [127.0.0.1][-][-][info][application] $_GET = [
    'r' => 'input/edit-assess'
    'tpl' => 'undefined'
]

$_COOKIE = [
    '_csrf' => '97a4e574463c673686716f9547205cdb49083a3158a7ae1e0fef9409cd75f4afa:2:{i:0;s:5:\"_csrf\";i:1;s:32:\"icGrvLrdsGbxEyABKnEGCMohtHV1QlAP\";}'
    'PHPSESSID' => 'piti7r95g40b0u6p50s89goh67'
]

$_SERVER = [
    'MIBDIRS' => 'D:/xampp/php/extras/mibs'
    'MYSQL_HOME' => '\\xampp\\mysql\\bin'
    'OPENSSL_CONF' => 'D:/xampp/apache/bin/openssl.cnf'
    'PHP_PEAR_SYSCONF_DIR' => '\\xampp\\php'
    'PHPRC' => '\\xampp\\php'
    'TMP' => '\\xampp\\tmp'
    'HTTP_HOST' => '127.0.0.1'
    'HTTP_CONNECTION' => 'keep-alive'
    'HTTP_ACCEPT' => '*/*'
    'HTTP_X_CSRF_TOKEN' => 'NHNHNFRLVkNdEABGIgckJ0c0JUwRMhcBfx0CcxcGOStAOxEFBScXEw=='
    'HTTP_USER_AGENT' => 'Mozilla/5.0 (Windows NT 6.1; WOW64) AppleWebKit/537.36 (KHTML, like Gecko) Chrome/45.0.2454.85 Safari/537.36'
    'HTTP_X_REQUESTED_WITH' => 'XMLHttpRequest'
    'HTTP_REFERER' => 'http://127.0.0.1/ywfy/web/index.php?r=input/assess'
    'HTTP_ACCEPT_ENCODING' => 'gzip, deflate, sdch'
    'HTTP_ACCEPT_LANGUAGE' => 'zh-CN,zh;q=0.8'
    'HTTP_COOKIE' => '_csrf=97a4e574463c673686716f9547205cdb49083a3158a7ae1e0fef9409cd75f4afa%3A2%3A%7Bi%3A0%3Bs%3A5%3A%22_csrf%22%3Bi%3A1%3Bs%3A32%3A%22icGrvLrdsGbxEyABKnEGCMohtHV1QlAP%22%3B%7D; PHPSESSID=piti7r95g40b0u6p50s89goh67'
    'PATH' => 'C:\\Windows\\system32;C:\\Windows;C:\\Windows\\System32\\Wbem;C:\\Windows\\System32\\WindowsPowerShell\\v1.0\\;C:\\Program Files (x86)\\NVIDIA Corporation\\PhysX\\Common;C:\\Program Files (x86)\\SSH Communications Security\\SSH Secure Shell'
    'SystemRoot' => 'C:\\Windows'
    'COMSPEC' => 'C:\\Windows\\system32\\cmd.exe'
    'PATHEXT' => '.COM;.EXE;.BAT;.CMD;.VBS;.VBE;.JS;.JSE;.WSF;.WSH;.MSC'
    'WINDIR' => 'C:\\Windows'
    'SERVER_SIGNATURE' => '<address>Apache/2.4.4 (Win32) OpenSSL/1.0.1e PHP/5.5.1 Server at 127.0.0.1 Port 80</address>
'
    'SERVER_SOFTWARE' => 'Apache/2.4.4 (Win32) OpenSSL/1.0.1e PHP/5.5.1'
    'SERVER_NAME' => '127.0.0.1'
    'SERVER_ADDR' => '127.0.0.1'
    'SERVER_PORT' => '80'
    'REMOTE_ADDR' => '127.0.0.1'
    'DOCUMENT_ROOT' => 'D:/xampp/htdocs/'
    'REQUEST_SCHEME' => 'http'
    'CONTEXT_PREFIX' => ''
    'CONTEXT_DOCUMENT_ROOT' => 'D:/xampp/htdocs'
    'SERVER_ADMIN' => 'postmaster@localhost'
    'SCRIPT_FILENAME' => 'D:/xampp/htdocs/ywfy/web/index.php'
    'REMOTE_PORT' => '60454'
    'GATEWAY_INTERFACE' => 'CGI/1.1'
    'SERVER_PROTOCOL' => 'HTTP/1.1'
    'REQUEST_METHOD' => 'GET'
    'QUERY_STRING' => 'r=input/edit-assess&tpl=undefined'
    'REQUEST_URI' => '/ywfy/web/index.php?r=input/edit-assess&tpl=undefined'
    'SCRIPT_NAME' => '/ywfy/web/index.php'
    'PHP_SELF' => '/ywfy/web/index.php'
    'REQUEST_TIME_FLOAT' => 1444631216.021
    'REQUEST_TIME' => 1444631216
]
2015-10-12 08:26:56 [127.0.0.1][-][-][warning][yii\log\Dispatcher::dispatch] Unable to send log via yii\debug\LogTarget: Exception 'Exception' with message 'Serialization of 'Closure' is not allowed' 

in D:\xampp\htdocs\ywfy\vendor\yiisoft\yii2-debug\LogTarget.php:58

Stack trace:
#0 D:\xampp\htdocs\ywfy\vendor\yiisoft\yii2-debug\LogTarget.php(58): serialize(Array)
#1 D:\xampp\htdocs\ywfy\vendor\yiisoft\yii2-debug\LogTarget.php(112): yii\debug\LogTarget->export(Array)
#2 D:\xampp\htdocs\ywfy\vendor\yiisoft\yii2\log\Dispatcher.php(183): yii\debug\LogTarget->collect(Array, true)
#3 D:\xampp\htdocs\ywfy\vendor\yiisoft\yii2\log\Logger.php(173): yii\log\Dispatcher->dispatch(Array, true)
#4 D:\xampp\htdocs\ywfy\vendor\yiisoft\yii2\base\ErrorHandler.php(111): yii\log\Logger->flush(true)
#5 [internal function]: yii\base\ErrorHandler->handleException(Object(yii\base\ErrorException))
#6 {main}
2015-10-12 08:26:56 [127.0.0.1][-][-][info][application] $_GET = [
    'r' => 'input/edit-assess'
    'tpl' => 'undefined'
]

$_COOKIE = [
    '_csrf' => '97a4e574463c673686716f9547205cdb49083a3158a7ae1e0fef9409cd75f4afa:2:{i:0;s:5:\"_csrf\";i:1;s:32:\"icGrvLrdsGbxEyABKnEGCMohtHV1QlAP\";}'
    'PHPSESSID' => 'piti7r95g40b0u6p50s89goh67'
]

$_SERVER = [
    'MIBDIRS' => 'D:/xampp/php/extras/mibs'
    'MYSQL_HOME' => '\\xampp\\mysql\\bin'
    'OPENSSL_CONF' => 'D:/xampp/apache/bin/openssl.cnf'
    'PHP_PEAR_SYSCONF_DIR' => '\\xampp\\php'
    'PHPRC' => '\\xampp\\php'
    'TMP' => '\\xampp\\tmp'
    'HTTP_HOST' => '127.0.0.1'
    'HTTP_CONNECTION' => 'keep-alive'
    'HTTP_ACCEPT' => '*/*'
    'HTTP_X_CSRF_TOKEN' => 'NHNHNFRLVkNdEABGIgckJ0c0JUwRMhcBfx0CcxcGOStAOxEFBScXEw=='
    'HTTP_USER_AGENT' => 'Mozilla/5.0 (Windows NT 6.1; WOW64) AppleWebKit/537.36 (KHTML, like Gecko) Chrome/45.0.2454.85 Safari/537.36'
    'HTTP_X_REQUESTED_WITH' => 'XMLHttpRequest'
    'HTTP_REFERER' => 'http://127.0.0.1/ywfy/web/index.php?r=input/assess'
    'HTTP_ACCEPT_ENCODING' => 'gzip, deflate, sdch'
    'HTTP_ACCEPT_LANGUAGE' => 'zh-CN,zh;q=0.8'
    'HTTP_COOKIE' => '_csrf=97a4e574463c673686716f9547205cdb49083a3158a7ae1e0fef9409cd75f4afa%3A2%3A%7Bi%3A0%3Bs%3A5%3A%22_csrf%22%3Bi%3A1%3Bs%3A32%3A%22icGrvLrdsGbxEyABKnEGCMohtHV1QlAP%22%3B%7D; PHPSESSID=piti7r95g40b0u6p50s89goh67'
    'PATH' => 'C:\\Windows\\system32;C:\\Windows;C:\\Windows\\System32\\Wbem;C:\\Windows\\System32\\WindowsPowerShell\\v1.0\\;C:\\Program Files (x86)\\NVIDIA Corporation\\PhysX\\Common;C:\\Program Files (x86)\\SSH Communications Security\\SSH Secure Shell'
    'SystemRoot' => 'C:\\Windows'
    'COMSPEC' => 'C:\\Windows\\system32\\cmd.exe'
    'PATHEXT' => '.COM;.EXE;.BAT;.CMD;.VBS;.VBE;.JS;.JSE;.WSF;.WSH;.MSC'
    'WINDIR' => 'C:\\Windows'
    'SERVER_SIGNATURE' => '<address>Apache/2.4.4 (Win32) OpenSSL/1.0.1e PHP/5.5.1 Server at 127.0.0.1 Port 80</address>
'
    'SERVER_SOFTWARE' => 'Apache/2.4.4 (Win32) OpenSSL/1.0.1e PHP/5.5.1'
    'SERVER_NAME' => '127.0.0.1'
    'SERVER_ADDR' => '127.0.0.1'
    'SERVER_PORT' => '80'
    'REMOTE_ADDR' => '127.0.0.1'
    'DOCUMENT_ROOT' => 'D:/xampp/htdocs/'
    'REQUEST_SCHEME' => 'http'
    'CONTEXT_PREFIX' => ''
    'CONTEXT_DOCUMENT_ROOT' => 'D:/xampp/htdocs'
    'SERVER_ADMIN' => 'postmaster@localhost'
    'SCRIPT_FILENAME' => 'D:/xampp/htdocs/ywfy/web/index.php'
    'REMOTE_PORT' => '60454'
    'GATEWAY_INTERFACE' => 'CGI/1.1'
    'SERVER_PROTOCOL' => 'HTTP/1.1'
    'REQUEST_METHOD' => 'GET'
    'QUERY_STRING' => 'r=input/edit-assess&tpl=undefined'
    'REQUEST_URI' => '/ywfy/web/index.php?r=input/edit-assess&tpl=undefined'
    'SCRIPT_NAME' => '/ywfy/web/index.php'
    'PHP_SELF' => '/ywfy/web/index.php'
    'REQUEST_TIME_FLOAT' => 1444631216.021
    'REQUEST_TIME' => 1444631216
]
2015-10-12 08:26:58 [127.0.0.1][-][-][error][yii\base\ErrorException:8] exception 'yii\base\ErrorException' with message 'Undefined variable: model' in D:\xampp\htdocs\ywfy\views\input\edit\assess.php:44
Stack trace:
#0 D:\xampp\htdocs\ywfy\views\input\edit\assess.php(44): yii\base\ErrorHandler->handleError(8, 'Undefined varia...', 'D:\xampp\htdocs...', 44, Array)
#1 D:\xampp\htdocs\ywfy\vendor\yiisoft\yii2\base\View.php(325): require('D:\xampp\htdocs...')
#2 D:\xampp\htdocs\ywfy\vendor\yiisoft\yii2\base\View.php(247): yii\base\View->renderPhpFile('D:\xampp\htdocs...', Array)
#3 D:\xampp\htdocs\ywfy\vendor\yiisoft\yii2\base\View.php(149): yii\base\View->renderFile('D:\xampp\htdocs...', Array, Object(app\controllers\InputController))
#4 D:\xampp\htdocs\ywfy\vendor\yiisoft\yii2\base\Controller.php(402): yii\base\View->render('edit/assess', Array, Object(app\controllers\InputController))
#5 D:\xampp\htdocs\ywfy\controllers\InputController.php(79): yii\base\Controller->renderPartial('edit/assess')
#6 [internal function]: app\controllers\InputController->actionEditAssess()
#7 D:\xampp\htdocs\ywfy\vendor\yiisoft\yii2\base\InlineAction.php(55): call_user_func_array(Array, Array)
#8 D:\xampp\htdocs\ywfy\vendor\yiisoft\yii2\base\Controller.php(151): yii\base\InlineAction->runWithParams(Array)
#9 D:\xampp\htdocs\ywfy\vendor\yiisoft\yii2\base\Module.php(455): yii\base\Controller->runAction('edit-assess', Array)
#10 D:\xampp\htdocs\ywfy\vendor\yiisoft\yii2\web\Application.php(84): yii\base\Module->runAction('input/edit-asse...', Array)
#11 D:\xampp\htdocs\ywfy\vendor\yiisoft\yii2\base\Application.php(375): yii\web\Application->handleRequest(Object(yii\web\Request))
#12 D:\xampp\htdocs\ywfy\web\index.php(15): yii\base\Application->run()
#13 {main}
2015-10-12 08:26:58 [127.0.0.1][-][-][info][application] $_GET = [
    'r' => 'input/edit-assess'
    'tpl' => 'undefined'
]

$_COOKIE = [
    '_csrf' => '97a4e574463c673686716f9547205cdb49083a3158a7ae1e0fef9409cd75f4afa:2:{i:0;s:5:\"_csrf\";i:1;s:32:\"icGrvLrdsGbxEyABKnEGCMohtHV1QlAP\";}'
    'PHPSESSID' => 'piti7r95g40b0u6p50s89goh67'
]

$_SERVER = [
    'MIBDIRS' => 'D:/xampp/php/extras/mibs'
    'MYSQL_HOME' => '\\xampp\\mysql\\bin'
    'OPENSSL_CONF' => 'D:/xampp/apache/bin/openssl.cnf'
    'PHP_PEAR_SYSCONF_DIR' => '\\xampp\\php'
    'PHPRC' => '\\xampp\\php'
    'TMP' => '\\xampp\\tmp'
    'HTTP_HOST' => '127.0.0.1'
    'HTTP_CONNECTION' => 'keep-alive'
    'HTTP_ACCEPT' => '*/*'
    'HTTP_X_CSRF_TOKEN' => 'NHNHNFRLVkNdEABGIgckJ0c0JUwRMhcBfx0CcxcGOStAOxEFBScXEw=='
    'HTTP_USER_AGENT' => 'Mozilla/5.0 (Windows NT 6.1; WOW64) AppleWebKit/537.36 (KHTML, like Gecko) Chrome/45.0.2454.85 Safari/537.36'
    'HTTP_X_REQUESTED_WITH' => 'XMLHttpRequest'
    'HTTP_REFERER' => 'http://127.0.0.1/ywfy/web/index.php?r=input/assess'
    'HTTP_ACCEPT_ENCODING' => 'gzip, deflate, sdch'
    'HTTP_ACCEPT_LANGUAGE' => 'zh-CN,zh;q=0.8'
    'HTTP_COOKIE' => '_csrf=97a4e574463c673686716f9547205cdb49083a3158a7ae1e0fef9409cd75f4afa%3A2%3A%7Bi%3A0%3Bs%3A5%3A%22_csrf%22%3Bi%3A1%3Bs%3A32%3A%22icGrvLrdsGbxEyABKnEGCMohtHV1QlAP%22%3B%7D; PHPSESSID=piti7r95g40b0u6p50s89goh67'
    'PATH' => 'C:\\Windows\\system32;C:\\Windows;C:\\Windows\\System32\\Wbem;C:\\Windows\\System32\\WindowsPowerShell\\v1.0\\;C:\\Program Files (x86)\\NVIDIA Corporation\\PhysX\\Common;C:\\Program Files (x86)\\SSH Communications Security\\SSH Secure Shell'
    'SystemRoot' => 'C:\\Windows'
    'COMSPEC' => 'C:\\Windows\\system32\\cmd.exe'
    'PATHEXT' => '.COM;.EXE;.BAT;.CMD;.VBS;.VBE;.JS;.JSE;.WSF;.WSH;.MSC'
    'WINDIR' => 'C:\\Windows'
    'SERVER_SIGNATURE' => '<address>Apache/2.4.4 (Win32) OpenSSL/1.0.1e PHP/5.5.1 Server at 127.0.0.1 Port 80</address>
'
    'SERVER_SOFTWARE' => 'Apache/2.4.4 (Win32) OpenSSL/1.0.1e PHP/5.5.1'
    'SERVER_NAME' => '127.0.0.1'
    'SERVER_ADDR' => '127.0.0.1'
    'SERVER_PORT' => '80'
    'REMOTE_ADDR' => '127.0.0.1'
    'DOCUMENT_ROOT' => 'D:/xampp/htdocs/'
    'REQUEST_SCHEME' => 'http'
    'CONTEXT_PREFIX' => ''
    'CONTEXT_DOCUMENT_ROOT' => 'D:/xampp/htdocs'
    'SERVER_ADMIN' => 'postmaster@localhost'
    'SCRIPT_FILENAME' => 'D:/xampp/htdocs/ywfy/web/index.php'
    'REMOTE_PORT' => '60452'
    'GATEWAY_INTERFACE' => 'CGI/1.1'
    'SERVER_PROTOCOL' => 'HTTP/1.1'
    'REQUEST_METHOD' => 'GET'
    'QUERY_STRING' => 'r=input/edit-assess&tpl=undefined'
    'REQUEST_URI' => '/ywfy/web/index.php?r=input/edit-assess&tpl=undefined'
    'SCRIPT_NAME' => '/ywfy/web/index.php'
    'PHP_SELF' => '/ywfy/web/index.php'
    'REQUEST_TIME_FLOAT' => 1444631218.278
    'REQUEST_TIME' => 1444631218
]
2015-10-12 08:26:58 [127.0.0.1][-][-][warning][yii\log\Dispatcher::dispatch] Unable to send log via yii\debug\LogTarget: Exception 'Exception' with message 'Serialization of 'Closure' is not allowed' 

in D:\xampp\htdocs\ywfy\vendor\yiisoft\yii2-debug\LogTarget.php:58

Stack trace:
#0 D:\xampp\htdocs\ywfy\vendor\yiisoft\yii2-debug\LogTarget.php(58): serialize(Array)
#1 D:\xampp\htdocs\ywfy\vendor\yiisoft\yii2-debug\LogTarget.php(112): yii\debug\LogTarget->export(Array)
#2 D:\xampp\htdocs\ywfy\vendor\yiisoft\yii2\log\Dispatcher.php(183): yii\debug\LogTarget->collect(Array, true)
#3 D:\xampp\htdocs\ywfy\vendor\yiisoft\yii2\log\Logger.php(173): yii\log\Dispatcher->dispatch(Array, true)
#4 D:\xampp\htdocs\ywfy\vendor\yiisoft\yii2\base\ErrorHandler.php(111): yii\log\Logger->flush(true)
#5 [internal function]: yii\base\ErrorHandler->handleException(Object(yii\base\ErrorException))
#6 {main}
2015-10-12 08:26:58 [127.0.0.1][-][-][info][application] $_GET = [
    'r' => 'input/edit-assess'
    'tpl' => 'undefined'
]

$_COOKIE = [
    '_csrf' => '97a4e574463c673686716f9547205cdb49083a3158a7ae1e0fef9409cd75f4afa:2:{i:0;s:5:\"_csrf\";i:1;s:32:\"icGrvLrdsGbxEyABKnEGCMohtHV1QlAP\";}'
    'PHPSESSID' => 'piti7r95g40b0u6p50s89goh67'
]

$_SERVER = [
    'MIBDIRS' => 'D:/xampp/php/extras/mibs'
    'MYSQL_HOME' => '\\xampp\\mysql\\bin'
    'OPENSSL_CONF' => 'D:/xampp/apache/bin/openssl.cnf'
    'PHP_PEAR_SYSCONF_DIR' => '\\xampp\\php'
    'PHPRC' => '\\xampp\\php'
    'TMP' => '\\xampp\\tmp'
    'HTTP_HOST' => '127.0.0.1'
    'HTTP_CONNECTION' => 'keep-alive'
    'HTTP_ACCEPT' => '*/*'
    'HTTP_X_CSRF_TOKEN' => 'NHNHNFRLVkNdEABGIgckJ0c0JUwRMhcBfx0CcxcGOStAOxEFBScXEw=='
    'HTTP_USER_AGENT' => 'Mozilla/5.0 (Windows NT 6.1; WOW64) AppleWebKit/537.36 (KHTML, like Gecko) Chrome/45.0.2454.85 Safari/537.36'
    'HTTP_X_REQUESTED_WITH' => 'XMLHttpRequest'
    'HTTP_REFERER' => 'http://127.0.0.1/ywfy/web/index.php?r=input/assess'
    'HTTP_ACCEPT_ENCODING' => 'gzip, deflate, sdch'
    'HTTP_ACCEPT_LANGUAGE' => 'zh-CN,zh;q=0.8'
    'HTTP_COOKIE' => '_csrf=97a4e574463c673686716f9547205cdb49083a3158a7ae1e0fef9409cd75f4afa%3A2%3A%7Bi%3A0%3Bs%3A5%3A%22_csrf%22%3Bi%3A1%3Bs%3A32%3A%22icGrvLrdsGbxEyABKnEGCMohtHV1QlAP%22%3B%7D; PHPSESSID=piti7r95g40b0u6p50s89goh67'
    'PATH' => 'C:\\Windows\\system32;C:\\Windows;C:\\Windows\\System32\\Wbem;C:\\Windows\\System32\\WindowsPowerShell\\v1.0\\;C:\\Program Files (x86)\\NVIDIA Corporation\\PhysX\\Common;C:\\Program Files (x86)\\SSH Communications Security\\SSH Secure Shell'
    'SystemRoot' => 'C:\\Windows'
    'COMSPEC' => 'C:\\Windows\\system32\\cmd.exe'
    'PATHEXT' => '.COM;.EXE;.BAT;.CMD;.VBS;.VBE;.JS;.JSE;.WSF;.WSH;.MSC'
    'WINDIR' => 'C:\\Windows'
    'SERVER_SIGNATURE' => '<address>Apache/2.4.4 (Win32) OpenSSL/1.0.1e PHP/5.5.1 Server at 127.0.0.1 Port 80</address>
'
    'SERVER_SOFTWARE' => 'Apache/2.4.4 (Win32) OpenSSL/1.0.1e PHP/5.5.1'
    'SERVER_NAME' => '127.0.0.1'
    'SERVER_ADDR' => '127.0.0.1'
    'SERVER_PORT' => '80'
    'REMOTE_ADDR' => '127.0.0.1'
    'DOCUMENT_ROOT' => 'D:/xampp/htdocs/'
    'REQUEST_SCHEME' => 'http'
    'CONTEXT_PREFIX' => ''
    'CONTEXT_DOCUMENT_ROOT' => 'D:/xampp/htdocs'
    'SERVER_ADMIN' => 'postmaster@localhost'
    'SCRIPT_FILENAME' => 'D:/xampp/htdocs/ywfy/web/index.php'
    'REMOTE_PORT' => '60452'
    'GATEWAY_INTERFACE' => 'CGI/1.1'
    'SERVER_PROTOCOL' => 'HTTP/1.1'
    'REQUEST_METHOD' => 'GET'
    'QUERY_STRING' => 'r=input/edit-assess&tpl=undefined'
    'REQUEST_URI' => '/ywfy/web/index.php?r=input/edit-assess&tpl=undefined'
    'SCRIPT_NAME' => '/ywfy/web/index.php'
    'PHP_SELF' => '/ywfy/web/index.php'
    'REQUEST_TIME_FLOAT' => 1444631218.278
    'REQUEST_TIME' => 1444631218
]
